[2018-08-29 11:29:41] error.ERROR: Foo [] []
[29-Aug-2018 11:37:52 Europe/Berlin] PHP Warning:  require(joe.com): failed to open stream: No such file or directory in C:\xampp\htdocs\loggingApi\index.php on line 7
[29-Aug-2018 11:37:52 Europe/Berlin] PHP Fatal error:  require(): Failed opening required 'joe.com' (include_path='C:\xampp\php\PEAR') in C:\xampp\htdocs\loggingApi\index.php on line 7
[29-Aug-2018 16:26:38 Europe/Berlin] PHP Warning:  mysqli::__construct(): (HY000/1045): Access denied for user 'root'@'localhost' (using password: YES) in C:\xampp\htdocs\loggingApi\index.php on line 51
[29-Aug-2018 16:26:39 Europe/Berlin] PHP Notice:  Undefined variable: result in C:\xampp\htdocs\loggingApi\index.php on line 68
[29-Aug-2018 16:31:14 Europe/Berlin] PHP Warning:  mysqli::__construct(): (HY000/1045): Access denied for user 'root'@'localhost' (using password: YES) in C:\xampp\htdocs\loggingApi\index.php on line 52
[29-Aug-2018 16:31:14 Europe/Berlin] PHP Notice:  Undefined variable: result in C:\xampp\htdocs\loggingApi\index.php on line 69
[29-Aug-2018 16:31:14 Europe/Berlin] PHP Warning:  mysqli::__construct(): (HY000/1045): Access denied for user 'root'@'localhost' (using password: YES) in C:\xampp\htdocs\loggingApi\index.php on line 52
[29-Aug-2018 16:31:14 Europe/Berlin] PHP Notice:  Undefined variable: result in C:\xampp\htdocs\loggingApi\index.php on line 69
[29-Aug-2018 16:31:14 Europe/Berlin] PHP Warning:  mysqli::__construct(): (HY000/1045): Access denied for user 'root'@'localhost' (using password: YES) in C:\xampp\htdocs\loggingApi\index.php on line 52
[29-Aug-2018 16:31:14 Europe/Berlin] PHP Notice:  Undefined variable: result in C:\xampp\htdocs\loggingApi\index.php on line 69
[29-Aug-2018 16:31:14 Europe/Berlin] PHP Warning:  mysqli::__construct(): (HY000/1045): Access denied for user 'root'@'localhost' (using password: YES) in C:\xampp\htdocs\loggingApi\index.php on line 52
[29-Aug-2018 16:31:15 Europe/Berlin] PHP Notice:  Undefined variable: result in C:\xampp\htdocs\loggingApi\index.php on line 69
[29-Aug-2018 16:31:15 Europe/Berlin] PHP Warning:  mysqli::__construct(): (HY000/1045): Access denied for user 'root'@'localhost' (using password: YES) in C:\xampp\htdocs\loggingApi\index.php on line 52
[29-Aug-2018 16:31:15 Europe/Berlin] PHP Notice:  Undefined variable: result in C:\xampp\htdocs\loggingApi\index.php on line 69
[29-Aug-2018 16:31:15 Europe/Berlin] PHP Warning:  mysqli::__construct(): (HY000/1045): Access denied for user 'root'@'localhost' (using password: YES) in C:\xampp\htdocs\loggingApi\index.php on line 52
[29-Aug-2018 16:31:15 Europe/Berlin] PHP Notice:  Undefined variable: result in C:\xampp\htdocs\loggingApi\index.php on line 69
[29-Aug-2018 16:31:15 Europe/Berlin] PHP Warning:  mysqli::__construct(): (HY000/1045): Access denied for user 'root'@'localhost' (using password: YES) in C:\xampp\htdocs\loggingApi\index.php on line 52
[29-Aug-2018 16:31:15 Europe/Berlin] PHP Notice:  Undefined variable: result in C:\xampp\htdocs\loggingApi\index.php on line 69
[29-Aug-2018 16:31:15 Europe/Berlin] PHP Warning:  mysqli::__construct(): (HY000/1045): Access denied for user 'root'@'localhost' (using password: YES) in C:\xampp\htdocs\loggingApi\index.php on line 52
[29-Aug-2018 16:31:15 Europe/Berlin] PHP Notice:  Undefined variable: result in C:\xampp\htdocs\loggingApi\index.php on line 69
[29-Aug-2018 16:31:15 Europe/Berlin] PHP Warning:  mysqli::__construct(): (HY000/1045): Access denied for user 'root'@'localhost' (using password: YES) in C:\xampp\htdocs\loggingApi\index.php on line 52
[29-Aug-2018 16:31:15 Europe/Berlin] PHP Notice:  Undefined variable: result in C:\xampp\htdocs\loggingApi\index.php on line 69
[29-Aug-2018 16:31:16 Europe/Berlin] PHP Warning:  mysqli::__construct(): (HY000/1045): Access denied for user 'root'@'localhost' (using password: YES) in C:\xampp\htdocs\loggingApi\index.php on line 52
[29-Aug-2018 16:31:16 Europe/Berlin] PHP Notice:  Undefined variable: result in C:\xampp\htdocs\loggingApi\index.php on line 69
[29-Aug-2018 16:31:16 Europe/Berlin] PHP Warning:  mysqli::__construct(): (HY000/1045): Access denied for user 'root'@'localhost' (using password: YES) in C:\xampp\htdocs\loggingApi\index.php on line 52
[29-Aug-2018 16:31:16 Europe/Berlin] PHP Notice:  Undefined variable: result in C:\xampp\htdocs\loggingApi\index.php on line 69
[29-Aug-2018 16:31:16 Europe/Berlin] PHP Warning:  mysqli::__construct(): (HY000/1045): Access denied for user 'root'@'localhost' (using password: YES) in C:\xampp\htdocs\loggingApi\index.php on line 52
[29-Aug-2018 16:31:16 Europe/Berlin] PHP Notice:  Undefined variable: result in C:\xampp\htdocs\loggingApi\index.php on line 69
[29-Aug-2018 16:31:16 Europe/Berlin] PHP Warning:  mysqli::__construct(): (HY000/1045): Access denied for user 'root'@'localhost' (using password: YES) in C:\xampp\htdocs\loggingApi\index.php on line 52
[29-Aug-2018 16:31:16 Europe/Berlin] PHP Notice:  Undefined variable: result in C:\xampp\htdocs\loggingApi\index.php on line 69
[29-Aug-2018 16:31:16 Europe/Berlin] PHP Warning:  mysqli::__construct(): (HY000/1045): Access denied for user 'root'@'localhost' (using password: YES) in C:\xampp\htdocs\loggingApi\index.php on line 52
[29-Aug-2018 16:31:16 Europe/Berlin] PHP Notice:  Undefined variable: result in C:\xampp\htdocs\loggingApi\index.php on line 69
[29-Aug-2018 16:31:17 Europe/Berlin] PHP Warning:  mysqli::__construct(): (HY000/1045): Access denied for user 'root'@'localhost' (using password: YES) in C:\xampp\htdocs\loggingApi\index.php on line 52
[29-Aug-2018 16:31:17 Europe/Berlin] PHP Notice:  Undefined variable: result in C:\xampp\htdocs\loggingApi\index.php on line 69
[29-Aug-2018 16:31:17 Europe/Berlin] PHP Warning:  mysqli::__construct(): (HY000/1045): Access denied for user 'root'@'localhost' (using password: YES) in C:\xampp\htdocs\loggingApi\index.php on line 52
[29-Aug-2018 16:31:17 Europe/Berlin] PHP Notice:  Undefined variable: result in C:\xampp\htdocs\loggingApi\index.php on line 69
[29-Aug-2018 16:31:17 Europe/Berlin] PHP Warning:  mysqli::__construct(): (HY000/1045): Access denied for user 'root'@'localhost' (using password: YES) in C:\xampp\htdocs\loggingApi\index.php on line 52
[29-Aug-2018 16:31:17 Europe/Berlin] PHP Notice:  Undefined variable: result in C:\xampp\htdocs\loggingApi\index.php on line 69
[29-Aug-2018 16:31:17 Europe/Berlin] PHP Warning:  mysqli::__construct(): (HY000/1045): Access denied for user 'root'@'localhost' (using password: YES) in C:\xampp\htdocs\loggingApi\index.php on line 52
[29-Aug-2018 16:31:17 Europe/Berlin] PHP Notice:  Undefined variable: result in C:\xampp\htdocs\loggingApi\index.php on line 69
[29-Aug-2018 16:31:17 Europe/Berlin] PHP Warning:  mysqli::__construct(): (HY000/1045): Access denied for user 'root'@'localhost' (using password: YES) in C:\xampp\htdocs\loggingApi\index.php on line 52
[29-Aug-2018 16:31:17 Europe/Berlin] PHP Notice:  Undefined variable: result in C:\xampp\htdocs\loggingApi\index.php on line 69
[29-Aug-2018 16:31:18 Europe/Berlin] PHP Warning:  mysqli::__construct(): (HY000/1045): Access denied for user 'root'@'localhost' (using password: YES) in C:\xampp\htdocs\loggingApi\index.php on line 52
[29-Aug-2018 16:31:18 Europe/Berlin] PHP Notice:  Undefined variable: result in C:\xampp\htdocs\loggingApi\index.php on line 69
[29-Aug-2018 16:31:18 Europe/Berlin] PHP Warning:  mysqli::__construct(): (HY000/1045): Access denied for user 'root'@'localhost' (using password: YES) in C:\xampp\htdocs\loggingApi\index.php on line 52
[29-Aug-2018 16:31:18 Europe/Berlin] PHP Notice:  Undefined variable: result in C:\xampp\htdocs\loggingApi\index.php on line 69
[29-Aug-2018 16:31:18 Europe/Berlin] PHP Warning:  mysqli::__construct(): (HY000/1045): Access denied for user 'root'@'localhost' (using password: YES) in C:\xampp\htdocs\loggingApi\index.php on line 52
[29-Aug-2018 16:31:18 Europe/Berlin] PHP Notice:  Undefined variable: result in C:\xampp\htdocs\loggingApi\index.php on line 69
[29-Aug-2018 16:31:18 Europe/Berlin] PHP Warning:  mysqli::__construct(): (HY000/1045): Access denied for user 'root'@'localhost' (using password: YES) in C:\xampp\htdocs\loggingApi\index.php on line 52
[29-Aug-2018 16:31:18 Europe/Berlin] PHP Notice:  Undefined variable: result in C:\xampp\htdocs\loggingApi\index.php on line 69
[29-Aug-2018 16:31:18 Europe/Berlin] PHP Warning:  mysqli::__construct(): (HY000/1045): Access denied for user 'root'@'localhost' (using password: YES) in C:\xampp\htdocs\loggingApi\index.php on line 52
[29-Aug-2018 16:31:18 Europe/Berlin] PHP Notice:  Undefined variable: result in C:\xampp\htdocs\loggingApi\index.php on line 69
[29-Aug-2018 16:31:19 Europe/Berlin] PHP Warning:  mysqli::__construct(): (HY000/1045): Access denied for user 'root'@'localhost' (using password: YES) in C:\xampp\htdocs\loggingApi\index.php on line 52
[29-Aug-2018 16:31:19 Europe/Berlin] PHP Notice:  Undefined variable: result in C:\xampp\htdocs\loggingApi\index.php on line 69
[29-Aug-2018 16:31:19 Europe/Berlin] PHP Warning:  mysqli::__construct(): (HY000/1045): Access denied for user 'root'@'localhost' (using password: YES) in C:\xampp\htdocs\loggingApi\index.php on line 52
[29-Aug-2018 16:31:19 Europe/Berlin] PHP Notice:  Undefined variable: result in C:\xampp\htdocs\loggingApi\index.php on line 69
[29-Aug-2018 16:31:19 Europe/Berlin] PHP Warning:  mysqli::__construct(): (HY000/1045): Access denied for user 'root'@'localhost' (using password: YES) in C:\xampp\htdocs\loggingApi\index.php on line 52
[29-Aug-2018 16:31:19 Europe/Berlin] PHP Notice:  Undefined variable: result in C:\xampp\htdocs\loggingApi\index.php on line 69
[29-Aug-2018 16:31:19 Europe/Berlin] PHP Warning:  mysqli::__construct(): (HY000/1045): Access denied for user 'root'@'localhost' (using password: YES) in C:\xampp\htdocs\loggingApi\index.php on line 52
[29-Aug-2018 16:31:19 Europe/Berlin] PHP Notice:  Undefined variable: result in C:\xampp\htdocs\loggingApi\index.php on line 69
[29-Aug-2018 16:35:06 Europe/Berlin] PHP Warning:  mysqli::__construct(): (HY000/1045): Access denied for user 'root'@'localhost' (using password: YES) in C:\xampp\htdocs\loggingApi\index.php on line 52
[29-Aug-2018 16:35:06 Europe/Berlin] PHP Notice:  Undefined variable: result in C:\xampp\htdocs\loggingApi\index.php on line 69
[29-Aug-2018 16:35:06 Europe/Berlin] PHP Warning:  mysqli::__construct(): (HY000/1045): Access denied for user 'root'@'localhost' (using password: YES) in C:\xampp\htdocs\loggingApi\index.php on line 52
[29-Aug-2018 16:35:06 Europe/Berlin] PHP Notice:  Undefined variable: result in C:\xampp\htdocs\loggingApi\index.php on line 69
[29-Aug-2018 16:35:06 Europe/Berlin] PHP Warning:  mysqli::__construct(): (HY000/1045): Access denied for user 'root'@'localhost' (using password: YES) in C:\xampp\htdocs\loggingApi\index.php on line 52
[29-Aug-2018 16:35:06 Europe/Berlin] PHP Notice:  Undefined variable: result in C:\xampp\htdocs\loggingApi\index.php on line 69
